<?xml version="1.0" encoding="UTF-8"?>
<!-- Generated by org.testng.reporters.JUnitReportReporter -->
<testsuite hostname="LAPTOP-S0IS0QVR" failures="0" tests="1" name="AQAclass.A5_Screenshot" time="6.379" errors="0" timestamp="2022-09-26T09:36:40 IST" skipped="0">
  <testcase classname="AQAclass.A5_Screenshot" name="alertscreen" time="6.379"/>
  <system-out/>
</testsuite> <!-- AQAclass.A5_Screenshot -->
