<?xml version="1.0" encoding="UTF-8"?>
<!-- Generated by org.testng.reporters.JUnitReportReporter -->
<testsuite hostname="LAPTOP-S0IS0QVR" failures="0" tests="1" name="QAclass.A1_Alerts" time="6.107" errors="0" timestamp="2021-04-05T18:35:06 IST" skipped="0">
  <testcase classname="QAclass.A1_Alerts" name="alerts" time="6.107"/>
  <system-out/>
</testsuite> <!-- QAclass.A1_Alerts -->
