<?xml version="1.0" encoding="UTF-8"?>
<!-- Generated by org.testng.reporters.JUnitReportReporter -->
<testsuite hostname="LAPTOP-S0IS0QVR" failures="0" tests="1" name="BHighlevelBases.B19_TestXLSX" time="17.394" errors="0" timestamp="2022-10-06T10:14:00 IST" skipped="0">
  <testcase classname="BHighlevelBases.B19_TestXLSX" name="XLSX" time="17.394"/>
  <system-out/>
</testsuite> <!-- BHighlevelBases.B19_TestXLSX -->
