<?xml version="1.0" encoding="UTF-8"?>
<!-- Generated by org.testng.reporters.JUnitReportReporter -->
<testsuite hostname="LAPTOP-S0IS0QVR" failures="0" tests="1" name="AQAclass.Redbus" time="0.815" errors="0" timestamp="2022-07-04T12:33:41 IST" skipped="0">
  <testcase classname="AQAclass.Redbus" name="f" time="0.815"/>
  <system-out/>
</testsuite> <!-- AQAclass.Redbus -->
