<?xml version="1.0" encoding="UTF-8"?>
<!-- Generated by org.testng.reporters.JUnitReportReporter -->
<testsuite hostname="LAPTOP-S0IS0QVR" failures="0" tests="1" name="C24_IOput_Iostreams.Input_OutPut_Streams" time="82.235" errors="0" timestamp="2022-10-11T09:21:05 IST" skipped="0">
  <testcase classname="C24_IOput_Iostreams.Input_OutPut_Streams" name="functionality" time="82.235"/>
  <system-out/>
</testsuite> <!-- C24_IOput_Iostreams.Input_OutPut_Streams -->
