<?xml version="1.0" encoding="UTF-8"?>
<!-- Generated by org.testng.reporters.JUnitReportReporter -->
<testsuite hostname="LAPTOP-S0IS0QVR" failures="0" tests="1" name="AQAclass.A6_Firstselectedoption" time="0.327" errors="0" timestamp="2022-09-26T09:58:33 IST" skipped="0">
  <testcase classname="AQAclass.A6_Firstselectedoption" name="optionss" time="0.327"/>
  <system-out/>
</testsuite> <!-- AQAclass.A6_Firstselectedoption -->
