<?xml version="1.0" encoding="UTF-8"?>
<!-- Generated by org.testng.reporters.JUnitReportReporter -->
<testsuite hostname="LAPTOP-S0IS0QVR" failures="0" tests="1" name="BHighlevelBases.B14_FlipkartGeneric" time="15.051" errors="0" timestamp="2022-09-30T10:09:14 IST" skipped="0">
  <testcase classname="BHighlevelBases.B14_FlipkartGeneric" name="clickable" time="15.051"/>
  <system-out/>
</testsuite> <!-- BHighlevelBases.B14_FlipkartGeneric -->
