<?xml version="1.0" encoding="UTF-8"?>
<!-- Generated by org.testng.reporters.JUnitReportReporter -->
<testsuite hostname="LAPTOP-S0IS0QVR" failures="0" tests="1" name="C24_Page_Object_model.Input_OutPut_Streams" time="94.425" errors="0" timestamp="2021-06-10T15:31:05 IST" skipped="0">
  <testcase classname="C24_Page_Object_model.Input_OutPut_Streams" name="functionality" time="94.425"/>
  <system-out/>
</testsuite> <!-- C24_Page_Object_model.Input_OutPut_Streams -->
