<?xml version="1.0" encoding="UTF-8"?>
<!-- Generated by org.testng.reporters.JUnitReportReporter -->
<testsuite hostname="LAPTOP-S0IS0QVR" failures="0" tests="1" name="AQAclass.A8_Boolean_Oneway" time="3.387" errors="0" timestamp="2022-09-26T10:44:33 IST" skipped="0">
  <testcase classname="AQAclass.A8_Boolean_Oneway" name="options" time="3.387"/>
  <system-out/>
</testsuite> <!-- AQAclass.A8_Boolean_Oneway -->
