<?xml version="1.0" encoding="UTF-8"?>
<!-- Generated by org.testng.reporters.JUnitReportReporter -->
<testsuite hostname="LAPTOP-S0IS0QVR" failures="0" tests="1" name="HighlevelBases.C21_Debugging" time="12.341" errors="0" timestamp="2021-06-10T12:20:26 IST" skipped="0">
  <testcase classname="HighlevelBases.C21_Debugging" name="clickable" time="12.341"/>
  <system-out/>
</testsuite> <!-- HighlevelBases.C21_Debugging -->
