<?xml version="1.0" encoding="UTF-8"?>
<!-- Generated by org.testng.reporters.JUnitReportReporter -->
<testsuite hostname="LAPTOP-S0IS0QVR" failures="0" tests="1" name="BHighlevelBases.B17_Ajaxcontrol" time="15.006" errors="0" timestamp="2022-10-06T09:49:01 IST" skipped="0">
  <testcase classname="BHighlevelBases.B17_Ajaxcontrol" name="clickable" time="15.006"/>
  <system-out/>
</testsuite> <!-- BHighlevelBases.B17_Ajaxcontrol -->
