<?xml version="1.0" encoding="UTF-8"?>
<!-- Generated by org.testng.reporters.JUnitReportReporter -->
<testsuite hostname="LAPTOP-S0IS0QVR" failures="0" tests="1" name="BHighlevelBases.Blog" time="0.050" errors="0" timestamp="2022-02-09T19:04:32 IST" skipped="0">
  <testcase classname="BHighlevelBases.Blog" name="f" time="0.050"/>
  <system-out/>
</testsuite> <!-- BHighlevelBases.Blog -->
