<?xml version="1.0" encoding="UTF-8"?>
<!-- Generated by org.testng.reporters.JUnitReportReporter -->
<testsuite hostname="LAPTOP-S0IS0QVR" failures="0" tests="1" name="HighlevelBases.B19_TestXLSX" time="18.542" errors="0" timestamp="2021-06-08T19:05:49 IST" skipped="0">
  <testcase classname="HighlevelBases.B19_TestXLSX" name="XLSX" time="18.542"/>
  <system-out/>
</testsuite> <!-- HighlevelBases.B19_TestXLSX -->
