<?xml version="1.0" encoding="UTF-8"?>
<!-- Generated by org.testng.reporters.JUnitReportReporter -->
<testsuite hostname="LAPTOP-S0IS0QVR" failures="0" tests="1" name="BHighlevelBases.B13_Assert_Verify2" time="0.521" errors="0" timestamp="2022-09-30T09:43:22 IST" skipped="0">
  <testcase classname="BHighlevelBases.B13_Assert_Verify2" name="fun" time="0.521"/>
  <system-out/>
</testsuite> <!-- BHighlevelBases.B13_Assert_Verify2 -->
