<?xml version="1.0" encoding="UTF-8"?>
<!-- Generated by org.testng.reporters.JUnitReportReporter -->
<testsuite hostname="LAPTOP-S0IS0QVR" failures="0" tests="1" name="AQAclass.GOOGLE" time="0.008" errors="0" timestamp="2022-09-22T09:50:13 IST" skipped="0">
  <testcase classname="AQAclass.GOOGLE" name="AntiB" time="0.008"/>
  <system-out/>
</testsuite> <!-- AQAclass.GOOGLE -->
