<?xml version="1.0" encoding="UTF-8"?>
<!-- Generated by org.testng.reporters.JUnitReportReporter -->
<testsuite hostname="LAPTOP-S0IS0QVR" failures="0" tests="1" name="BHighlevelBases.Canvas" time="10.592" errors="0" timestamp="2022-01-08T21:51:07 IST" skipped="0">
  <testcase classname="BHighlevelBases.Canvas" name="data" time="10.592"/>
  <system-out/>
</testsuite> <!-- BHighlevelBases.Canvas -->
