<?xml version="1.0" encoding="UTF-8"?>
<!-- Generated by org.testng.reporters.JUnitReportReporter -->
<testsuite hostname="LAPTOP-S0IS0QVR" failures="0" tests="1" name="BHighlevelBases.B20_ScrollBar_Element" time="0.084" errors="0" timestamp="2022-10-03T08:35:15 IST" skipped="0">
  <testcase classname="BHighlevelBases.B20_ScrollBar_Element" name="Scrollflow" time="0.084"/>
  <system-out/>
</testsuite> <!-- BHighlevelBases.B20_ScrollBar_Element -->
