<?xml version="1.0" encoding="UTF-8"?>
<!-- Generated by org.testng.reporters.JUnitReportReporter -->
<testsuite hostname="LAPTOP-S0IS0QVR" failures="0" tests="1" name="HighlevelBases.B18_DataDriven" time="11.218" errors="0" timestamp="2021-06-07T09:31:20 IST" skipped="0">
  <testcase classname="HighlevelBases.B18_DataDriven" name="data" time="11.218"/>
  <system-out/>
</testsuite> <!-- HighlevelBases.B18_DataDriven -->
