<?xml version="1.0" encoding="UTF-8"?>
<!-- Generated by org.testng.reporters.JUnitReportReporter -->
<testsuite hostname="LAPTOP-S0IS0QVR" failures="0" tests="1" name="AQAclass.B10_Autoit" time="4.077" errors="0" timestamp="2022-10-03T08:23:28 IST" skipped="0">
  <testcase classname="AQAclass.B10_Autoit" name="fun" time="4.077"/>
  <system-out/>
</testsuite> <!-- AQAclass.B10_Autoit -->
