<?xml version="1.0" encoding="UTF-8"?>
<!-- Generated by org.testng.reporters.JUnitReportReporter -->
<testsuite hostname="LAPTOP-S0IS0QVR" failures="0" tests="1" name="AQAclass.A3_Popupwindow" time="37.483" errors="0" timestamp="2022-09-26T09:05:42 IST" skipped="0">
  <testcase classname="AQAclass.A3_Popupwindow" name="windowpopup" time="37.483"/>
  <system-out/>
</testsuite> <!-- AQAclass.A3_Popupwindow -->
