<?xml version="1.0" encoding="UTF-8"?>
<!-- Generated by org.testng.reporters.JUnitReportReporter -->
<testsuite hostname="LAPTOP-S0IS0QVR" failures="0" tests="3" name="AQAclass.A4_Information_Commands" time="0.248" errors="0" timestamp="2022-09-22T10:57:55 IST" skipped="0">
  <testcase classname="AQAclass.A4_Information_Commands" name="gmail" time="0.114"/>
  <system-out/>
  <testcase classname="AQAclass.A4_Information_Commands" name="google_image" time="0.080"/>
  <system-out/>
  <testcase classname="AQAclass.A4_Information_Commands" name="searchbutton" time="0.054"/>
  <system-out/>
</testsuite> <!-- AQAclass.A4_Information_Commands -->
