<?xml version="1.0" encoding="UTF-8"?>
<!-- Generated by org.testng.reporters.JUnitReportReporter -->
<testsuite hostname="LAPTOP-S0IS0QVR" failures="0" tests="1" name="ome_works.Flipkart_Window" time="11.483" errors="0" timestamp="2022-04-11T20:52:46 IST" skipped="0">
  <testcase classname="ome_works.Flipkart_Window" name="loginoperation" time="11.483"/>
  <system-out/>
</testsuite> <!-- ome_works.Flipkart_Window -->
