<?xml version="1.0" encoding="UTF-8"?>
<!-- Generated by org.testng.reporters.JUnitReportReporter -->
<testsuite hostname="LAPTOP-S0IS0QVR" failures="0" tests="1" name="HighlevelBases.B17_Ajaxcontrol" time="12.346" errors="0" timestamp="2021-06-10T11:47:18 IST" skipped="0">
  <testcase classname="HighlevelBases.B17_Ajaxcontrol" name="clickable" time="12.346"/>
  <system-out/>
</testsuite> <!-- HighlevelBases.B17_Ajaxcontrol -->
