<?xml version="1.0" encoding="UTF-8"?>
<!-- Generated by org.testng.reporters.JUnitReportReporter -->
<testsuite hostname="LAPTOP-S0IS0QVR" failures="0" tests="1" name="BHighlevelBases.C21_Debugging" time="14.833" errors="0" timestamp="2022-09-06T23:40:31 IST" skipped="0">
  <testcase classname="BHighlevelBases.C21_Debugging" name="clickable" time="14.833"/>
  <system-out/>
</testsuite> <!-- BHighlevelBases.C21_Debugging -->
