<?xml version="1.0" encoding="UTF-8"?>
<!-- Generated by org.testng.reporters.JUnitReportReporter -->
<testsuite hostname="LAPTOP-S0IS0QVR" failures="0" tests="1" name="AQAclass.EnhancingProgram" time="60.629" errors="0" timestamp="2022-10-01T08:34:31 IST" skipped="0">
  <testcase classname="AQAclass.EnhancingProgram" name="improvement" time="60.629"/>
  <system-out/>
</testsuite> <!-- AQAclass.EnhancingProgram -->
