<?xml version="1.0" encoding="UTF-8"?>
<!-- Generated by org.testng.reporters.JUnitReportReporter -->
<testsuite hostname="LAPTOP-S0IS0QVR" failures="0" tests="1" name="AQAclass.Flipkart_Login" time="0.404" errors="0" timestamp="2021-05-14T20:07:42 IST" skipped="0">
  <testcase classname="AQAclass.Flipkart_Login" name="alerts" time="0.404"/>
  <system-out/>
</testsuite> <!-- AQAclass.Flipkart_Login -->
