<?xml version="1.0" encoding="UTF-8"?>
<!-- Generated by org.testng.reporters.JUnitReportReporter -->
<testsuite hostname="LAPTOP-S0IS0QVR" failures="0" tests="1" name="AQAclass.A1_Canvas" time="0.133" errors="0" timestamp="2022-01-08T21:45:00 IST" skipped="0">
  <testcase classname="AQAclass.A1_Canvas" name="handlingalerts" time="0.133"/>
  <system-out/>
</testsuite> <!-- AQAclass.A1_Canvas -->
