<?xml version="1.0" encoding="UTF-8"?>
<!-- Generated by org.testng.reporters.JUnitReportReporter -->
<testsuite hostname="LAPTOP-S0IS0QVR" failures="0" tests="1" name="AQAclass.A7_INR_optionsvalidation" time="0.730" errors="0" timestamp="2022-09-26T10:30:27 IST" skipped="0">
  <testcase classname="AQAclass.A7_INR_optionsvalidation" name="options" time="0.730"/>
  <system-out/>
</testsuite> <!-- AQAclass.A7_INR_optionsvalidation -->
