<?xml version="1.0" encoding="UTF-8"?>
<!-- Generated by org.testng.reporters.JUnitReportReporter -->
<testsuite hostname="LAPTOP-S0IS0QVR" failures="0" tests="1" name="BHighlevelBases.B15_Frames" time="4.337" errors="0" timestamp="2022-10-03T08:31:56 IST" skipped="0">
  <testcase classname="BHighlevelBases.B15_Frames" name="clickable" time="4.337"/>
  <system-out/>
</testsuite> <!-- BHighlevelBases.B15_Frames -->
