<?xml version="1.0" encoding="UTF-8"?>
<!-- Generated by org.testng.reporters.JUnitReportReporter -->
<testsuite hostname="LAPTOP-S0IS0QVR" failures="0" tests="1" name="AQAclass.A2_MouseOverActions" time="3.413" errors="0" timestamp="2022-09-22T10:41:27 IST" skipped="0">
  <testcase classname="AQAclass.A2_MouseOverActions" name="MouseOvver" time="3.413"/>
  <system-out/>
</testsuite> <!-- AQAclass.A2_MouseOverActions -->
