<?xml version="1.0" encoding="UTF-8"?>
<!-- Generated by org.testng.reporters.JUnitReportReporter -->
<testsuite hostname="LAPTOP-S0IS0QVR" failures="0" tests="1" name="BHighlevelBases.B18_DataDriven" time="14.086" errors="0" timestamp="2022-10-06T10:04:26 IST" skipped="0">
  <testcase classname="BHighlevelBases.B18_DataDriven" name="data" time="14.086"/>
  <system-out/>
</testsuite> <!-- BHighlevelBases.B18_DataDriven -->
