<?xml version="1.0" encoding="UTF-8"?>
<!-- Generated by org.testng.reporters.JUnitReportReporter -->
<testsuite hostname="LAPTOP-S0IS0QVR" failures="0" tests="1" name="HighlevelBases.B13_Assert_Verify2" time="0.777" errors="0" timestamp="2021-06-04T21:00:52 IST" skipped="0">
  <testcase classname="HighlevelBases.B13_Assert_Verify2" name="fun" time="0.777"/>
  <system-out/>
</testsuite> <!-- HighlevelBases.B13_Assert_Verify2 -->
