<?xml version="1.0" encoding="UTF-8"?>
<!-- Generated by org.testng.reporters.JUnitReportReporter -->
<testsuite hostname="Teja" failures="0" tests="1" name="AQAclass.A1_Alerts" time="3.632" errors="0" timestamp="2022-10-13T15:30:09 IST" skipped="0">
  <testcase classname="AQAclass.A1_Alerts" name="handlingalerts" time="3.632"/>
  <system-out/>
</testsuite> <!-- AQAclass.A1_Alerts -->
