<?xml version="1.0" encoding="UTF-8"?>
<!-- Generated by org.testng.reporters.JUnitReportReporter -->
<testsuite hostname="LAPTOP-S0IS0QVR" failures="0" tests="1" name="AQAclass.Alert" time="3.099" errors="0" timestamp="2021-04-15T09:02:29 IST" skipped="0">
  <testcase classname="AQAclass.Alert" name="f" time="3.099"/>
  <system-out/>
</testsuite> <!-- AQAclass.Alert -->
